<?xml version="1.0" encoding="UTF-8"?>
<!-- Generated by org.testng.reporters.JUnitReportReporter -->
<testsuite skipped="0" hostname="user" name="svg.SVG_Handling" tests="1" failures="0" timestamp="25 Apr 2019 11:35:03 GMT" time="71.594" errors="0">
  <testcase name="test1" time="71.594" classname="svg.SVG_Handling"/>
</testsuite> <!-- svg.SVG_Handling -->
